Traceback (most recent call last):
  File "/usr/local/lib/python3.9/site-packages/jupyter_cache/executors/utils.py", line 51, in single_nb_execution
    executenb(
  File "/usr/local/lib/python3.9/site-packages/nbclient/client.py", line 1204, in execute
    return NotebookClient(nb=nb, resources=resources, km=km, **kwargs).execute()
  File "/usr/local/lib/python3.9/site-packages/nbclient/util.py", line 84, in wrapped
    return just_run(coro(*args, **kwargs))
  File "/usr/local/lib/python3.9/site-packages/nbclient/util.py", line 62, in just_run
    return loop.run_until_complete(coro)
  File "/usr/local/Cellar/python@3.9/3.9.9/Frameworks/Python.framework/Versions/3.9/lib/python3.9/asyncio/base_events.py", line 642, in run_until_complete
    return future.result()
  File "/usr/local/lib/python3.9/site-packages/nbclient/client.py", line 663, in async_execute
    await self.async_execute_cell(
  File "/usr/local/lib/python3.9/site-packages/nbclient/client.py", line 965, in async_execute_cell
    await self._check_raise_for_error(cell, cell_index, exec_reply)
  File "/usr/local/lib/python3.9/site-packages/nbclient/client.py", line 862, in _check_raise_for_error
    raise CellExecutionError.from_cell_and_msg(cell, exec_reply_content)
nbclient.exceptions.CellExecutionError: An error occurred while executing the following cell:
------------------
# create new features
train_timings['event_diff_seconds'] = (train_timings['planned_event_time'] - train_timings['actual_event_time']).dt.total_seconds()
train_timings['signal_date'] = train_timings['signal_passing_time'].dt.floor('d')
train_timings['day_of_week'] = train_timings['signal_date'].dt.day_name()
train_timings['hour_of_day'] = train_timings['signal_passing_time'].dt.hour

train_timings['previous_signal'] = train_timings['signal'].shift(+1)
train_timings['previous_train_id'] = train_timings['train_id'].shift(+1)
train_timings['previous_signal'] = np.where((train_timings['train_id'] == train_timings['previous_train_id']), train_timings['previous_signal'], np.nan)

# drop origin date
train_timings.drop(['origin_date', 'dataset_stations'], axis=1, inplace=True)

# sort the dataframe to help us to understand how the data works.
train_timings.sort_values(['signal_date', 'hour_of_day', 'train_id', 'signal_passing_time'], inplace=True, ignore_index=True)

# drop duplicate rows
train_timings.drop_duplicates(inplace=True)
------------------

[0;31m---------------------------------------------------------------------------[0m
[0;31mKeyError[0m                                  Traceback (most recent call last)
Cell [0;32mIn [2], line 12[0m
[1;32m      9[0m train_timings[[38;5;124m'[39m[38;5;124mprevious_signal[39m[38;5;124m'[39m] [38;5;241m=[39m np[38;5;241m.[39mwhere((train_timings[[38;5;124m'[39m[38;5;124mtrain_id[39m[38;5;124m'[39m] [38;5;241m==[39m train_timings[[38;5;124m'[39m[38;5;124mprevious_train_id[39m[38;5;124m'[39m]), train_timings[[38;5;124m'[39m[38;5;124mprevious_signal[39m[38;5;124m'[39m], np[38;5;241m.[39mnan)
[1;32m     11[0m [38;5;66;03m# drop origin date[39;00m
[0;32m---> 12[0m [43mtrain_timings[49m[38;5;241;43m.[39;49m[43mdrop[49m[43m([49m[43m[[49m[38;5;124;43m'[39;49m[38;5;124;43morigin_date[39;49m[38;5;124;43m'[39;49m[43m,[49m[43m [49m[38;5;124;43m'[39;49m[38;5;124;43mdataset_stations[39;49m[38;5;124;43m'[39;49m[43m][49m[43m,[49m[43m [49m[43maxis[49m[38;5;241;43m=[39;49m[38;5;241;43m1[39;49m[43m,[49m[43m [49m[43minplace[49m[38;5;241;43m=[39;49m[38;5;28;43;01mTrue[39;49;00m[43m)[49m
[1;32m     14[0m [38;5;66;03m# sort the dataframe to help us to understand how the data works.[39;00m
[1;32m     15[0m train_timings[38;5;241m.[39msort_values([[38;5;124m'[39m[38;5;124msignal_date[39m[38;5;124m'[39m, [38;5;124m'[39m[38;5;124mhour_of_day[39m[38;5;124m'[39m, [38;5;124m'[39m[38;5;124mtrain_id[39m[38;5;124m'[39m, [38;5;124m'[39m[38;5;124msignal_passing_time[39m[38;5;124m'[39m], inplace[38;5;241m=[39m[38;5;28;01mTrue[39;00m, ignore_index[38;5;241m=[39m[38;5;28;01mTrue[39;00m)

File [0;32m/usr/local/lib/python3.9/site-packages/pandas/util/_decorators.py:317[0m, in [0;36mdeprecate_nonkeyword_arguments.<locals>.decorate.<locals>.wrapper[0;34m(*args, **kwargs)[0m
[1;32m    311[0m [38;5;28;01mif[39;00m [38;5;28mlen[39m(args) [38;5;241m>[39m num_allow_args:
[1;32m    312[0m     warnings[38;5;241m.[39mwarn(
[1;32m    313[0m         msg[38;5;241m.[39mformat(arguments[38;5;241m=[39marguments),
[1;32m    314[0m         [38;5;167;01mFutureWarning[39;00m,
[1;32m    315[0m         stacklevel[38;5;241m=[39mfind_stack_level(inspect[38;5;241m.[39mcurrentframe()),
[1;32m    316[0m     )
[0;32m--> 317[0m [38;5;28;01mreturn[39;00m [43mfunc[49m[43m([49m[38;5;241;43m*[39;49m[43margs[49m[43m,[49m[43m [49m[38;5;241;43m*[39;49m[38;5;241;43m*[39;49m[43mkwargs[49m[43m)[49m

File [0;32m/usr/local/lib/python3.9/site-packages/pandas/core/frame.py:5391[0m, in [0;36mDataFrame.drop[0;34m(self, labels, axis, index, columns, level, inplace, errors)[0m
[1;32m   5243[0m [38;5;129m@deprecate_nonkeyword_arguments[39m(version[38;5;241m=[39m[38;5;28;01mNone[39;00m, allowed_args[38;5;241m=[39m[[38;5;124m"[39m[38;5;124mself[39m[38;5;124m"[39m, [38;5;124m"[39m[38;5;124mlabels[39m[38;5;124m"[39m])
[1;32m   5244[0m [38;5;28;01mdef[39;00m [38;5;21mdrop[39m(  [38;5;66;03m# type: ignore[override][39;00m
[1;32m   5245[0m     [38;5;28mself[39m,
[0;32m   (...)[0m
[1;32m   5252[0m     errors: IgnoreRaise [38;5;241m=[39m [38;5;124m"[39m[38;5;124mraise[39m[38;5;124m"[39m,
[1;32m   5253[0m ) [38;5;241m-[39m[38;5;241m>[39m DataFrame [38;5;241m|[39m [38;5;28;01mNone[39;00m:
[1;32m   5254[0m     [38;5;124;03m"""[39;00m
[1;32m   5255[0m [38;5;124;03m    Drop specified labels from rows or columns.[39;00m
[1;32m   5256[0m 
[0;32m   (...)[0m
[1;32m   5389[0m [38;5;124;03m            weight  1.0     0.8[39;00m
[1;32m   5390[0m [38;5;124;03m    """[39;00m
[0;32m-> 5391[0m     [38;5;28;01mreturn[39;00m [38;5;28;43msuper[39;49m[43m([49m[43m)[49m[38;5;241;43m.[39;49m[43mdrop[49m[43m([49m
[1;32m   5392[0m [43m        [49m[43mlabels[49m[38;5;241;43m=[39;49m[43mlabels[49m[43m,[49m
[1;32m   5393[0m [43m        [49m[43maxis[49m[38;5;241;43m=[39;49m[43maxis[49m[43m,[49m
[1;32m   5394[0m [43m        [49m[43mindex[49m[38;5;241;43m=[39;49m[43mindex[49m[43m,[49m
[1;32m   5395[0m [43m        [49m[43mcolumns[49m[38;5;241;43m=[39;49m[43mcolumns[49m[43m,[49m
[1;32m   5396[0m [43m        [49m[43mlevel[49m[38;5;241;43m=[39;49m[43mlevel[49m[43m,[49m
[1;32m   5397[0m [43m        [49m[43minplace[49m[38;5;241;43m=[39;49m[43minplace[49m[43m,[49m
[1;32m   5398[0m [43m        [49m[43merrors[49m[38;5;241;43m=[39;49m[43merrors[49m[43m,[49m
[1;32m   5399[0m [43m    [49m[43m)[49m

File [0;32m/usr/local/lib/python3.9/site-packages/pandas/util/_decorators.py:317[0m, in [0;36mdeprecate_nonkeyword_arguments.<locals>.decorate.<locals>.wrapper[0;34m(*args, **kwargs)[0m
[1;32m    311[0m [38;5;28;01mif[39;00m [38;5;28mlen[39m(args) [38;5;241m>[39m num_allow_args:
[1;32m    312[0m     warnings[38;5;241m.[39mwarn(
[1;32m    313[0m         msg[38;5;241m.[39mformat(arguments[38;5;241m=[39marguments),
[1;32m    314[0m         [38;5;167;01mFutureWarning[39;00m,
[1;32m    315[0m         stacklevel[38;5;241m=[39mfind_stack_level(inspect[38;5;241m.[39mcurrentframe()),
[1;32m    316[0m     )
[0;32m--> 317[0m [38;5;28;01mreturn[39;00m [43mfunc[49m[43m([49m[38;5;241;43m*[39;49m[43margs[49m[43m,[49m[43m [49m[38;5;241;43m*[39;49m[38;5;241;43m*[39;49m[43mkwargs[49m[43m)[49m

File [0;32m/usr/local/lib/python3.9/site-packages/pandas/core/generic.py:4510[0m, in [0;36mNDFrame.drop[0;34m(self, labels, axis, index, columns, level, inplace, errors)[0m
[1;32m   4508[0m [38;5;28;01mfor[39;00m axis, labels [38;5;129;01min[39;00m axes[38;5;241m.[39mitems():
[1;32m   4509[0m     [38;5;28;01mif[39;00m labels [38;5;129;01mis[39;00m [38;5;129;01mnot[39;00m [38;5;28;01mNone[39;00m:
[0;32m-> 4510[0m         obj [38;5;241m=[39m [43mobj[49m[38;5;241;43m.[39;49m[43m_drop_axis[49m[43m([49m[43mlabels[49m[43m,[49m[43m [49m[43maxis[49m[43m,[49m[43m [49m[43mlevel[49m[38;5;241;43m=[39;49m[43mlevel[49m[43m,[49m[43m [49m[43merrors[49m[38;5;241;43m=[39;49m[43merrors[49m[43m)[49m
[1;32m   4512[0m [38;5;28;01mif[39;00m inplace:
[1;32m   4513[0m     [38;5;28mself[39m[38;5;241m.[39m_update_inplace(obj)

File [0;32m/usr/local/lib/python3.9/site-packages/pandas/core/generic.py:4551[0m, in [0;36mNDFrame._drop_axis[0;34m(self, labels, axis, level, errors, only_slice)[0m
[1;32m   4549[0m         new_axis [38;5;241m=[39m axis[38;5;241m.[39mdrop(labels, level[38;5;241m=[39mlevel, errors[38;5;241m=[39merrors)
[1;32m   4550[0m     [38;5;28;01melse[39;00m:
[0;32m-> 4551[0m         new_axis [38;5;241m=[39m [43maxis[49m[38;5;241;43m.[39;49m[43mdrop[49m[43m([49m[43mlabels[49m[43m,[49m[43m [49m[43merrors[49m[38;5;241;43m=[39;49m[43merrors[49m[43m)[49m
[1;32m   4552[0m     indexer [38;5;241m=[39m axis[38;5;241m.[39mget_indexer(new_axis)
[1;32m   4554[0m [38;5;66;03m# Case for non-unique axis[39;00m
[1;32m   4555[0m [38;5;28;01melse[39;00m:

File [0;32m/usr/local/lib/python3.9/site-packages/pandas/core/indexes/base.py:6972[0m, in [0;36mIndex.drop[0;34m(self, labels, errors)[0m
[1;32m   6970[0m [38;5;28;01mif[39;00m mask[38;5;241m.[39many():
[1;32m   6971[0m     [38;5;28;01mif[39;00m errors [38;5;241m!=[39m [38;5;124m"[39m[38;5;124mignore[39m[38;5;124m"[39m:
[0;32m-> 6972[0m         [38;5;28;01mraise[39;00m [38;5;167;01mKeyError[39;00m([38;5;124mf[39m[38;5;124m"[39m[38;5;132;01m{[39;00m[38;5;28mlist[39m(labels[mask])[38;5;132;01m}[39;00m[38;5;124m not found in axis[39m[38;5;124m"[39m)
[1;32m   6973[0m     indexer [38;5;241m=[39m indexer[[38;5;241m~[39mmask]
[1;32m   6974[0m [38;5;28;01mreturn[39;00m [38;5;28mself[39m[38;5;241m.[39mdelete(indexer)

[0;31mKeyError[0m: "['origin_date', 'dataset_stations'] not found in axis"
KeyError: "['origin_date', 'dataset_stations'] not found in axis"

